[NOTY][12:47:17] [main.c:774] REST INTERFACE START
[NOTY][12:47:19] [main.c:82] SELECT b.SERVICE_NAME, a.* FROM TSD_STAT_SERVICE_5MIN a, TSD_SVC b WHERE a.SERVICE_ID = b.SERVICE_ID AND PRC_DATE >= '2018-10-1 12:34:56' AND PRC_DATE <= '2018-10-1 0:10:0' 
[NOTY][12:47:33] [main.c:82] SELECT b.SERVICE_NAME, a.* FROM TSD_STAT_SERVICE_5MIN a, TSD_SVC b WHERE a.SERVICE_ID = b.SERVICE_ID AND PRC_DATE >= '2018-10-1 0:0:0' AND PRC_DATE <= '2018-10-1 0:10:0' 
[NOTY][12:47:37] [main.c:774] REST INTERFACE START
[ERR ][12:47:43] [main.c:425] change 'start' date type is failed(ret=0)
[ERR ][12:47:43] [main.c:597] HOST_5min_time() error(ret=0)
[NOTY][12:47:59] [main.c:82] SELECT b.HOST_NAME, a.* FROM TSD_STAT_HOST_5MIN a, TSD_HOST b WHERE a.HOST_ID = b.HOST_ID AND PRC_DATE >= '2018-10-1 0:0:0' AND PRC_DATE <= '2018-10-1 0:10:0' 
[ERR ][12:48:12] [main.c:425] change 'start' date type is failed(ret=0)
[ERR ][12:48:12] [main.c:597] HOST_5min_time() error(ret=0)
[ERR ][12:48:38] [main.c:425] change 'start' date type is failed(ret=0)
[ERR ][12:48:38] [main.c:597] HOST_5min_time() error(ret=0)
[NOTY][12:48:45] [main.c:82] SELECT b.HOST_NAME, a.* FROM TSD_STAT_HOST_5MIN a, TSD_HOST b WHERE a.HOST_ID = b.HOST_ID AND PRC_DATE >= '2018-10-1 0:0:1' AND PRC_DATE <= '2018-10-1 0:10:0' 
[ERR ][12:49:00] [main.c:425] change 'start' date type is failed(ret=0)
[ERR ][12:49:00] [main.c:597] HOST_5min_time() error(ret=0)
[NOTY][12:50:47] [main.c:774] REST INTERFACE START
[ERR ][12:50:55] [main.c:425] change 'start' date type is failed(ret=0)
[ERR ][12:50:55] [main.c:597] HOST_5min_time() error(ret=0)
[ERR ][12:50:59] [main.c:425] change 'start' date type is failed(ret=0)
[ERR ][12:50:59] [main.c:597] HOST_5min_time() error(ret=0)
[ERR ][12:51:05] [main.c:425] change 'start' date type is failed(ret=0)
[ERR ][12:51:05] [main.c:597] HOST_5min_time() error(ret=0)
[ERR ][12:51:10] [main.c:425] change 'start' date type is failed(ret=0)
[ERR ][12:51:10] [main.c:597] HOST_5min_time() error(ret=0)
[NOTY][12:51:12] [main.c:82] SELECT b.HOST_NAME, a.* FROM TSD_STAT_HOST_5MIN a, TSD_HOST b WHERE a.HOST_ID = b.HOST_ID AND PRC_DATE >= '2018-10-1 0:0:1' AND PRC_DATE <= '2018-10-1 0:10:0' 
[NOTY][12:53:16] [main.c:774] REST INTERFACE START
[NOTY][12:53:19] [main.c:82] SELECT b.HOST_NAME, a.* FROM TSD_STAT_HOST_5MIN a, TSD_HOST b WHERE a.HOST_ID = b.HOST_ID AND PRC_DATE >= '2018-10-1 0:0:1' AND PRC_DATE <= '2018-10-1 0:10:0' 
[NOTY][12:57:06] [main.c:774] REST INTERFACE START
[ERR ][12:57:12] [main.c:425] change 'start' date type is failed(ret=0)
[ERR ][12:57:12] [main.c:597] HOST_5min_time() error(ret=0)
[ERR ][12:57:20] [main.c:425] change 'start' date type is failed(ret=0)
[ERR ][12:57:20] [main.c:597] HOST_5min_time() error(ret=0)
[NOTY][12:58:22] [main.c:774] REST INTERFACE START
[ERR ][12:58:24] [main.c:425] change 'start' date type is failed(ret=0)
[ERR ][12:58:24] [main.c:597] HOST_5min_time() error(ret=0)
[ERR ][12:58:35] [main.c:425] change 'start' date type is failed(ret=0)
[ERR ][12:58:35] [main.c:597] HOST_5min_time() error(ret=0)
[NOTY][12:59:10] [main.c:774] REST INTERFACE START
[ERR ][12:59:12] [main.c:425] change 'start' date type is failed(ret=0)
[ERR ][12:59:12] [main.c:597] HOST_5min_time() error(ret=0)
[ERR ][12:59:21] [main.c:425] change 'start' date type is failed(ret=0)
[ERR ][12:59:21] [main.c:597] HOST_5min_time() error(ret=0)
[ERR ][12:59:28] [main.c:425] change 'start' date type is failed(ret=0)
[ERR ][12:59:28] [main.c:597] HOST_5min_time() error(ret=0)
