[NOTY][13:00:20] [main.c:774] REST INTERFACE START
[ERR ][13:00:23] [main.c:425] change 'start' date type is failed(ret=0)
[ERR ][13:00:23] [main.c:597] HOST_5min_time() error(ret=0)
[NOTY][13:00:28] [main.c:82] SELECT b.HOST_NAME, a.* FROM TSD_STAT_HOST_5MIN a, TSD_HOST b WHERE a.HOST_ID = b.HOST_ID AND PRC_DATE >= '2018-10-1 0:0:12' AND PRC_DATE <= '2018-10-1 0:10:0' 
[ERR ][13:00:33] [main.c:425] change 'start' date type is failed(ret=0)
[ERR ][13:00:33] [main.c:597] HOST_5min_time() error(ret=0)
[NOTY][13:09:51] [main.c:774] REST INTERFACE START
[NOTY][13:14:50] [main.c:774] REST INTERFACE START
[ERR ][13:14:54] [main.c:425] change 'start' date type is failed(ret=0)
[ERR ][13:14:54] [main.c:597] HOST_5min_time() error(ret=0)
[ERR ][13:14:57] [main.c:425] change 'start' date type is failed(ret=0)
[ERR ][13:14:57] [main.c:597] HOST_5min_time() error(ret=0)
[ERR ][13:15:08] [main.c:425] change 'start' date type is failed(ret=0)
[ERR ][13:15:08] [main.c:597] HOST_5min_time() error(ret=0)
[ERR ][13:15:09] [main.c:425] change 'start' date type is failed(ret=0)
[ERR ][13:15:09] [main.c:597] HOST_5min_time() error(ret=0)
[NOTY][13:16:26] [main.c:774] REST INTERFACE START
[ERR ][13:16:29] [change_date.c:36] date type is not correct
[ERR ][13:16:29] [main.c:425] change 'start' date type is failed(ret=0)
[ERR ][13:16:29] [main.c:597] HOST_5min_time() error(ret=0)
[NOTY][13:17:23] [main.c:774] REST INTERFACE START
[NOTY][13:17:25] [main.c:82] SELECT b.HOST_NAME, a.* FROM TSD_STAT_HOST_5MIN a, TSD_HOST b WHERE a.HOST_ID = b.HOST_ID AND PRC_DATE >= '2018-10-1 0:0:0' AND PRC_DATE <= '2018-10-1 0:10:0' 
[NOTY][13:17:37] [main.c:82] SELECT b.HOST_NAME, a.* FROM TSD_STAT_HOST_5MIN a, TSD_HOST b WHERE a.HOST_ID = b.HOST_ID AND PRC_DATE >= '2018-10-1 0:0:0' 
[NOTY][13:17:50] [main.c:82] SELECT b.HOST_NAME, a.* FROM TSD_STAT_HOST_5MIN a, TSD_HOST b WHERE a.HOST_ID = b.HOST_ID AND PRC_DATE >= '2018-10-2 0:0:0' 
[NOTY][13:18:02] [main.c:774] REST INTERFACE START
[NOTY][13:18:34] [main.c:82] SELECT b.SERVICE_NAME, a.* FROM TSD_STAT_SERVICE_5MIN a, TSD_SVC b WHERE a.SERVICE_ID = b.SERVICE_ID AND PRC_DATE >= '2018-10-2 0:0:0' AND PRC_DATE <= '2018-10-1 0:10:0' 
[NOTY][13:18:48] [main.c:82] SELECT b.SERVICE_NAME, a.* FROM TSD_STAT_SERVICE_5MIN a, TSD_SVC b WHERE a.SERVICE_ID = b.SERVICE_ID AND PRC_DATE >= '2018-10-1 0:0:0' AND PRC_DATE <= '2018-10-1 0:10:0' 
[NOTY][13:19:01] [main.c:774] REST INTERFACE START
[NOTY][13:19:08] [main.c:82] SELECT b.SERVICE_NAME, a.* FROM TSD_STAT_SERVICE_5MIN a, TSD_SVC b WHERE a.SERVICE_ID = b.SERVICE_ID AND PRC_DATE >= '2018-10-1 0:5:0' AND PRC_DATE <= '2018-10-1 0:10:0' 
[NOTY][13:19:13] [main.c:82] SELECT b.SERVICE_NAME, a.* FROM TSD_STAT_SERVICE_5MIN a, TSD_SVC b WHERE a.SERVICE_ID = b.SERVICE_ID AND PRC_DATE >= '2018-10-1 0:5:0' 
[NOTY][13:20:04] [main.c:772] REST INTERFACE START
[NOTY][13:20:16] [main.c:82] SELECT b.SERVICE_NAME, a.* FROM TSD_STAT_SERVICE_5MIN a, TSD_SVC b WHERE a.SERVICE_ID = b.SERVICE_ID AND b.SERVICE_NAME = 'test'
[NOTY][13:20:30] [main.c:772] REST INTERFACE START
[NOTY][13:20:31] [main.c:82] SELECT b.SERVICE_NAME, a.* FROM TSD_STAT_SERVICE_5MIN a, TSD_SVC b WHERE a.SERVICE_ID = b.SERVICE_ID AND b.SERVICE_NAME = 'test'
[NOTY][13:21:27] [main.c:772] REST INTERFACE START
[NOTY][13:21:30] [main.c:82] SELECT b.SERVICE_NAME, a.* FROM TSD_STAT_SERVICE_5MIN a, TSD_SVC b WHERE a.SERVICE_ID = b.SERVICE_ID AND b.SERVICE_NAME = 'test2'
[NOTY][13:21:37] [main.c:772] REST INTERFACE START
[NOTY][13:21:41] [main.c:82] SELECT b.HOST_NAME, a.* FROM TSD_STAT_HOST_5MIN a, TSD_HOST b WHERE a.HOST_ID = b.HOST_ID AND b.HOST_NAME = 'test2'
[NOTY][13:23:32] [main.c:82] SELECT b.SERVICE_NAME, a.* FROM TSD_STAT_SERVICE_HOUR a, TSD_SVC b WHERE a.SERVICE_ID = b.SERVICE_ID AND b.SERVICE_NAME = 'test2'
[NOTY][13:23:45] [main.c:82] SELECT b.SERVICE_NAME, a.* FROM TSD_STAT_SERVICE_DAY a, TSD_SVC b WHERE a.SERVICE_ID = b.SERVICE_ID AND b.SERVICE_NAME = 'test2'
[NOTY][13:24:18] [main.c:82] SELECT b.SERVICE_NAME, a.* FROM TSD_STAT_SERVICE_5MIN a, TSD_SVC b WHERE a.SERVICE_ID = b.SERVICE_ID AND b.SERVICE_NAME = 'test2'
[NOTY][13:27:09] [main.c:772] REST INTERFACE START
[NOTY][13:27:14] [main.c:82] SELECT b.SERVICE_NAME, a.* FROM TSD_STAT_SERVICE_5MIN a, TSD_SVC b WHERE a.SERVICE_ID = b.SERVICE_ID AND b.SERVICE_NAME = 'test2'
[NOTY][13:27:55] [main.c:772] REST INTERFACE START
[NOTY][13:27:57] [main.c:82] SELECT b.SERVICE_NAME, a.* FROM TSD_STAT_SERVICE_5MIN a, TSD_SVC b WHERE a.SERVICE_ID = b.SERVICE_ID AND b.SERVICE_NAME = 'test2'
[NOTY][13:28:12] [main.c:772] REST INTERFACE START
[NOTY][13:28:24] [main.c:82] SELECT b.SERVICE_NAME, a.* FROM TSD_STAT_SERVICE_5MIN a, TSD_SVC b WHERE a.SERVICE_ID = b.SERVICE_ID AND b.SERVICE_NAME = 'test2'
[NOTY][13:35:20] [main.c:773] REST INTERFACE START
[NOTY][13:35:21] [main.c:82] SELECT b.SERVICE_NAME, a.* FROM TSD_STAT_SERVICE_5MIN a, TSD_SVC b WHERE a.SERVICE_ID = b.SERVICE_ID AND b.SERVICE_NAME = 'test2'
[NOTY][13:38:03] [main.c:773] REST INTERFACE START
[NOTY][13:38:10] [main.c:82] SELECT b.HOST_NAME, a.* FROM TSD_STAT_HOST_5MIN a, TSD_HOST b WHERE a.HOST_ID = b.HOST_ID AND b.HOST_NAME = 'test2'
[NOTY][13:40:16] [main.c:780] REST INTERFACE START
[NOTY][13:40:27] [main.c:82] SELECT b.SERVICE_NAME, a.* FROM TSD_STAT_SERVICE_5MIN a, TSD_SVC b WHERE a.SERVICE_ID = b.SERVICE_ID AND PRC_DATE >= '2018-10-1 0:0:0' AND PRC_DATE <= '2018-10-1 0:10:0' 
[NOTY][13:40:49] [main.c:779] REST INTERFACE START
[NOTY][13:40:51] [main.c:82] SELECT b.SERVICE_NAME, a.* FROM TSD_STAT_SERVICE_5MIN a, TSD_SVC b WHERE a.SERVICE_ID = b.SERVICE_ID AND PRC_DATE >= '2018-10-1 0:0:0' AND PRC_DATE <= '2018-10-1 0:10:0' 
[NOTY][13:41:15] [main.c:778] REST INTERFACE START
[NOTY][13:41:17] [main.c:82] SELECT b.SERVICE_NAME, a.* FROM TSD_STAT_SERVICE_5MIN a, TSD_SVC b WHERE a.SERVICE_ID = b.SERVICE_ID AND PRC_DATE >= '2018-10-1 0:0:0' AND PRC_DATE <= '2018-10-1 0:10:0' 
[NOTY][13:41:27] [main.c:82] SELECT b.SERVICE_NAME, a.* FROM TSD_STAT_SERVICE_5MIN a, TSD_SVC b WHERE a.SERVICE_ID = b.SERVICE_ID AND b.SERVICE_NAME = 'test2'
