[NOTY][10:00:15] [main.c:771] REST INTERFACE START
[NOTY][10:00:21] [main.c:81] SELECT b.SERVICE_NAME, a.* FROM TSD_STAT_SERVICE_5MIN a, TSD_SVC b WHERE a.SERVICE_ID = b.SERVICE_ID AND PRC_DATE >= '2018-10-01 17:00:0' AND PRC_DATE <= '2018-10-01 17:20:0' 
[NOTY][10:00:28] [main.c:81] SELECT b.SERVICE_NAME, a.* FROM TSD_STAT_SERVICE_5MIN a, TSD_SVC b WHERE a.SERVICE_ID = b.SERVICE_ID 
[NOTY][10:02:39] [main.c:771] REST INTERFACE START
[NOTY][10:02:44] [main.c:81] SELECT b.HOST_NAME, a.* FROM TSD_STAT_HOST_5MIN a, TSD_HOST b WHERE a.HOST_ID = b.HOST_ID 
[NOTY][10:46:01] [main.c:773] REST INTERFACE START
[NOTY][10:46:08] [main.c:82] SELECT b.SERVICE_NAME, a.* FROM TSD_STAT_SERVICE_HOUR a, TSD_SVC b WHERE a.SERVICE_ID = b.SERVICE_ID AND b.SERVICE_NAME = 'test'
[NOTY][10:46:17] [main.c:82] SELECT b.SERVICE_NAME, a.* FROM TSD_STAT_SERVICE_5MIN a, TSD_SVC b WHERE a.SERVICE_ID = b.SERVICE_ID AND b.SERVICE_NAME = 'test'
[NOTY][10:49:26] [main.c:774] REST INTERFACE START
[NOTY][10:49:30] [main.c:82] SELECT b.SERVICE_NAME, a.* FROM TSD_STAT_SERVICE_5MIN a, TSD_SVC b WHERE a.SERVICE_ID = b.SERVICE_ID AND b.SERVICE_NAME = 'test'
[NOTY][10:50:04] [main.c:774] REST INTERFACE START
[NOTY][10:50:31] [main.c:82] SELECT b.SERVICE_NAME, a.* FROM TSD_STAT_SERVICE_5MIN a, TSD_SVC b WHERE a.SERVICE_ID = b.SERVICE_ID AND PRC_DATE >= '2018-10-01 00:00:0' AND PRC_DATE <= '2018-10-01 00:20:0' 
[NOTY][10:50:39] [main.c:774] REST INTERFACE START
[NOTY][10:50:52] [main.c:82] SELECT b.SERVICE_NAME, a.* FROM TSD_STAT_SERVICE_5MIN a, TSD_SVC b WHERE a.SERVICE_ID = b.SERVICE_ID AND PRC_DATE >= '2018-10-01 00:00:0' AND PRC_DATE <= '2018-10-01 00:10:0' 
[NOTY][10:51:23] [main.c:774] REST INTERFACE START
[NOTY][10:51:33] [main.c:82] SELECT b.SERVICE_NAME, a.* FROM TSD_STAT_SERVICE_5MIN a, TSD_SVC b WHERE a.SERVICE_ID = b.SERVICE_ID AND PRC_DATE >= '2018-10-01 00:10:0' AND PRC_DATE <= '2018-10-01 00:10:0' 
[NOTY][10:51:38] [main.c:82] SELECT b.SERVICE_NAME, a.* FROM TSD_STAT_SERVICE_5MIN a, TSD_SVC b WHERE a.SERVICE_ID = b.SERVICE_ID AND PRC_DATE >= '2018-10-01 00:10:0' AND PRC_DATE <= '2018-10-01 00:20:0' 
[NOTY][10:51:45] [main.c:82] SELECT b.SERVICE_NAME, a.* FROM TSD_STAT_SERVICE_5MIN a, TSD_SVC b WHERE a.SERVICE_ID = b.SERVICE_ID AND PRC_DATE >= '2018-10-01 00:10:0' 
[NOTY][10:52:40] [main.c:774] REST INTERFACE START
[NOTY][10:52:46] [main.c:82] SELECT b.SERVICE_NAME, a.* FROM TSD_STAT_SERVICE_5MIN a, TSD_SVC b WHERE a.SERVICE_ID = b.SERVICE_ID AND PRC_DATE >= '2018-10-01 00:10:0' AND PRC_DATE <= '2018-10-01 00:20:0' 
[NOTY][10:53:32] [main.c:774] REST INTERFACE START
[NOTY][10:54:00] [main.c:774] REST INTERFACE START
[NOTY][10:54:05] [main.c:82] SELECT b.HOST_NAME, a.* FROM TSD_STAT_HOST_5MIN a, TSD_HOST b WHERE a.HOST_ID = b.HOST_ID AND PRC_DATE >= '2018-10-01 00:10:0' AND PRC_DATE <= '2018-10-01 00:20:0' 
[NOTY][10:56:07] [main.c:774] REST INTERFACE START
[NOTY][10:56:09] [main.c:82] SELECT b.HOST_NAME, a.* FROM TSD_STAT_HOST_5MIN a, TSD_HOST b WHERE a.HOST_ID = b.HOST_ID AND PRC_DATE >= '2018-10-01 00:10:0' AND PRC_DATE <= '2018-10-01 00:20:0' 
[NOTY][10:56:58] [main.c:774] REST INTERFACE START
[ERR ][10:57:02] [main.c:425] change 'start' date type is failed(ret=0)
[ERR ][10:57:02] [main.c:597] HOST_5min_time() error(ret=0)
[NOTY][10:58:53] [main.c:774] REST INTERFACE START
[ERR ][10:59:07] [change_date.c:140] snprintf() append second error
[ERR ][10:59:07] [main.c:425] change 'start' date type is failed(ret=0)
[ERR ][10:59:07] [main.c:597] HOST_5min_time() error(ret=0)
