[NOTY][13:00:27] [main.c:107] REST INTERFACE START
[NOTY][13:00:46] [main.c:107] REST INTERFACE START
[NOTY][13:03:33] [main.c:107] REST INTERFACE START
[NOTY][13:04:47] [main.c:107] REST INTERFACE START
[NOTY][13:06:17] [main.c:107] REST INTERFACE START
[NOTY][13:07:54] [main.c:107] REST INTERFACE START
[NOTY][13:09:34] [main.c:107] REST INTERFACE START
[NOTY][13:13:01] [main.c:107] REST INTERFACE START
[NOTY][13:14:02] [main.c:107] REST INTERFACE START
[NOTY][13:15:14] [main.c:107] REST INTERFACE START
[NOTY][13:17:41] [main.c:107] REST INTERFACE START
[NOTY][13:18:24] [main.c:107] REST INTERFACE START
[NOTY][13:22:04] [main.c:107] REST INTERFACE START
[NOTY][13:23:01] [main.c:107] REST INTERFACE START
[NOTY][13:23:53] [main.c:107] REST INTERFACE START
[NOTY][13:27:57] [main.c:107] REST INTERFACE START
[NOTY][13:30:23] [main.c:107] REST INTERFACE START
[NOTY][13:38:04] [main.c:107] REST INTERFACE START
[ERR ][13:38:32] [authMng.c:125] OAuth server response: HTTP/1.1 401 Unauthorized

[ERR ][13:38:32] [main.c:154] findUrl() error(ret=0)
[NOTY][13:41:02] [dbConn.c:45] SELECT b.SERVICE_NAME, a.* FROM TSD_STAT_SERVICE_HOUR a, TSD_SVC b WHERE a.SERVICE_ID = b.SERVICE_ID AND b.SERVICE_NAME = 'test2' LIMIT 10
[NOTY][13:45:42] [main.c:107] REST INTERFACE START
[NOTY][13:45:45] [dbConn.c:45] SELECT b.SERVICE_NAME, a.* FROM TSD_STAT_SERVICE_HOUR a, TSD_SVC b WHERE a.SERVICE_ID = b.SERVICE_ID AND b.SERVICE_NAME = 'test2' LIMIT 10
[NOTY][13:45:52] [dbConn.c:45] SELECT b.SERVICE_NAME, a.* FROM TSD_STAT_SERVICE_HOUR a, TSD_SVC b WHERE a.SERVICE_ID = b.SERVICE_ID AND b.SERVICE_NAME = 'test2' LIMIT 10
[NOTY][13:46:50] [main.c:107] REST INTERFACE START
[NOTY][13:46:52] [authMng.c:96] Access Token is inserted in Token Cache
[NOTY][13:46:52] [dbConn.c:45] SELECT b.SERVICE_NAME, a.* FROM TSD_STAT_SERVICE_HOUR a, TSD_SVC b WHERE a.SERVICE_ID = b.SERVICE_ID AND b.SERVICE_NAME = 'test2' LIMIT 10
[NOTY][13:46:57] [authMng.c:96] Access Token is inserted in Token Cache
[NOTY][13:46:57] [dbConn.c:45] SELECT b.SERVICE_NAME, a.* FROM TSD_STAT_SERVICE_HOUR a, TSD_SVC b WHERE a.SERVICE_ID = b.SERVICE_ID AND b.SERVICE_NAME = 'test2' LIMIT 10
[NOTY][13:48:43] [main.c:107] REST INTERFACE START
[NOTY][13:48:45] [authMng.c:96] Access Token is inserted in Token Cache
[NOTY][13:48:45] [dbConn.c:45] SELECT b.SERVICE_NAME, a.* FROM TSD_STAT_SERVICE_HOUR a, TSD_SVC b WHERE a.SERVICE_ID = b.SERVICE_ID AND b.SERVICE_NAME = 'test2' LIMIT 10
[NOTY][13:48:49] [authMng.c:96] Access Token is inserted in Token Cache
[NOTY][13:48:49] [dbConn.c:45] SELECT b.SERVICE_NAME, a.* FROM TSD_STAT_SERVICE_HOUR a, TSD_SVC b WHERE a.SERVICE_ID = b.SERVICE_ID AND b.SERVICE_NAME = 'test2' LIMIT 10
[NOTY][13:54:01] [main.c:107] REST INTERFACE START
[NOTY][13:54:03] [authMng.c:96] Access Token is inserted in Token Cache
[NOTY][13:54:03] [dbConn.c:45] SELECT b.SERVICE_NAME, a.* FROM TSD_STAT_SERVICE_HOUR a, TSD_SVC b WHERE a.SERVICE_ID = b.SERVICE_ID AND b.SERVICE_NAME = 'test2' LIMIT 10
[NOTY][13:54:28] [authMng.c:96] Access Token is inserted in Token Cache
[NOTY][13:54:28] [dbConn.c:45] SELECT b.SERVICE_NAME, a.* FROM TSD_STAT_SERVICE_HOUR a, TSD_SVC b WHERE a.SERVICE_ID = b.SERVICE_ID AND b.SERVICE_NAME = 'test2' LIMIT 10
[NOTY][13:54:30] [authMng.c:96] Access Token is inserted in Token Cache
[NOTY][13:54:30] [dbConn.c:45] SELECT b.SERVICE_NAME, a.* FROM TSD_STAT_SERVICE_HOUR a, TSD_SVC b WHERE a.SERVICE_ID = b.SERVICE_ID AND b.SERVICE_NAME = 'test2' LIMIT 10
[NOTY][13:56:23] [main.c:107] REST INTERFACE START
[NOTY][13:56:25] [authMng.c:96] Access Token is inserted in Token Cache
[NOTY][13:56:25] [dbConn.c:45] SELECT b.SERVICE_NAME, a.* FROM TSD_STAT_SERVICE_HOUR a, TSD_SVC b WHERE a.SERVICE_ID = b.SERVICE_ID AND b.SERVICE_NAME = 'test2' LIMIT 10
[NOTY][13:56:29] [authMng.c:96] Access Token is inserted in Token Cache
[NOTY][13:56:29] [dbConn.c:45] SELECT b.SERVICE_NAME, a.* FROM TSD_STAT_SERVICE_HOUR a, TSD_SVC b WHERE a.SERVICE_ID = b.SERVICE_ID AND b.SERVICE_NAME = 'test2' LIMIT 10
[NOTY][13:57:18] [main.c:107] REST INTERFACE START
[NOTY][13:57:20] [authMng.c:96] Access Token is inserted in Token Cache
[NOTY][13:57:20] [dbConn.c:45] SELECT b.SERVICE_NAME, a.* FROM TSD_STAT_SERVICE_HOUR a, TSD_SVC b WHERE a.SERVICE_ID = b.SERVICE_ID AND b.SERVICE_NAME = 'test2' LIMIT 10
[NOTY][13:57:58] [main.c:107] REST INTERFACE START
[NOTY][13:57:59] [authMng.c:96] Access Token is inserted in Token Cache
[NOTY][13:57:59] [dbConn.c:45] SELECT b.SERVICE_NAME, a.* FROM TSD_STAT_SERVICE_HOUR a, TSD_SVC b WHERE a.SERVICE_ID = b.SERVICE_ID AND b.SERVICE_NAME = 'test2' LIMIT 10
[NOTY][13:58:39] [main.c:107] REST INTERFACE START
[NOTY][13:58:41] [authMng.c:96] Access Token is inserted in Token Cache
[NOTY][13:58:41] [dbConn.c:45] SELECT b.SERVICE_NAME, a.* FROM TSD_STAT_SERVICE_HOUR a, TSD_SVC b WHERE a.SERVICE_ID = b.SERVICE_ID AND b.SERVICE_NAME = 'test2' LIMIT 10
