[NOTY][15:38:56] [main.c:107] REST INTERFACE START
[NOTY][15:38:58] [authMng.c:96] Access Token is inserted in Token Cache
[ERR ][15:38:58] [tokenCache.c:73] TOKEN HASH NODE INSERT FAILED error(ret=206)
[NOTY][15:38:58] [dbConn.c:45] SELECT b.SERVICE_NAME, a.* FROM TSD_STAT_SERVICE_HOUR a, TSD_SVC b WHERE a.SERVICE_ID = b.SERVICE_ID AND b.SERVICE_NAME = 'test2' LIMIT 10
[NOTY][15:39:01] [authMng.c:96] Access Token is inserted in Token Cache
[ERR ][15:39:01] [tokenCache.c:73] TOKEN HASH NODE INSERT FAILED error(ret=206)
[NOTY][15:39:01] [dbConn.c:45] SELECT b.SERVICE_NAME, a.* FROM TSD_STAT_SERVICE_HOUR a, TSD_SVC b WHERE a.SERVICE_ID = b.SERVICE_ID AND b.SERVICE_NAME = 'test2' LIMIT 10
[NOTY][15:41:16] [main.c:107] REST INTERFACE START
[NOTY][15:41:18] [authMng.c:96] Access Token is inserted in Token Cache
[ERR ][15:41:18] [tokenCache.c:73] TOKEN HASH NODE INSERT FAILED error(ret=206)
[NOTY][15:41:18] [dbConn.c:45] SELECT b.SERVICE_NAME, a.* FROM TSD_STAT_SERVICE_HOUR a, TSD_SVC b WHERE a.SERVICE_ID = b.SERVICE_ID AND b.SERVICE_NAME = 'test2' LIMIT 10
[NOTY][15:41:25] [authMng.c:96] Access Token is inserted in Token Cache
[ERR ][15:41:25] [tokenCache.c:73] TOKEN HASH NODE INSERT FAILED error(ret=206)
[NOTY][15:41:25] [dbConn.c:45] SELECT b.SERVICE_NAME, a.* FROM TSD_STAT_SERVICE_HOUR a, TSD_SVC b WHERE a.SERVICE_ID = b.SERVICE_ID AND b.SERVICE_NAME = 'test2' LIMIT 10
[NOTY][15:42:06] [main.c:107] REST INTERFACE START
[NOTY][15:42:08] [authMng.c:96] Access Token is inserted in Token Cache
[ERR ][15:42:08] [tokenCache.c:73] TOKEN HASH NODE INSERT FAILED error(ret=206)
[NOTY][15:42:08] [dbConn.c:45] SELECT b.SERVICE_NAME, a.* FROM TSD_STAT_SERVICE_HOUR a, TSD_SVC b WHERE a.SERVICE_ID = b.SERVICE_ID AND b.SERVICE_NAME = 'test2' LIMIT 10
[NOTY][15:42:15] [authMng.c:96] Access Token is inserted in Token Cache
[ERR ][15:42:15] [tokenCache.c:73] TOKEN HASH NODE INSERT FAILED error(ret=206)
[NOTY][15:42:15] [dbConn.c:45] SELECT b.SERVICE_NAME, a.* FROM TSD_STAT_SERVICE_HOUR a, TSD_SVC b WHERE a.SERVICE_ID = b.SERVICE_ID AND b.SERVICE_NAME = 'test2' LIMIT 10
[NOTY][15:43:23] [main.c:107] REST INTERFACE START
[NOTY][15:43:25] [authMng.c:96] Access Token is inserted in Token Cache
[ERR ][15:43:25] [tokenCache.c:73] TOKEN HASH NODE INSERT FAILED error(ret=206)
[NOTY][15:43:25] [dbConn.c:45] SELECT b.SERVICE_NAME, a.* FROM TSD_STAT_SERVICE_HOUR a, TSD_SVC b WHERE a.SERVICE_ID = b.SERVICE_ID AND b.SERVICE_NAME = 'test2' LIMIT 10
[NOTY][15:43:48] [main.c:107] REST INTERFACE START
[NOTY][15:43:50] [authMng.c:96] Access Token is inserted in Token Cache
[ERR ][15:43:50] [tokenCache.c:73] TOKEN HASH NODE INSERT FAILED error(ret=206)
[NOTY][15:43:50] [dbConn.c:45] SELECT b.SERVICE_NAME, a.* FROM TSD_STAT_SERVICE_HOUR a, TSD_SVC b WHERE a.SERVICE_ID = b.SERVICE_ID AND b.SERVICE_NAME = 'test2' LIMIT 10
[NOTY][15:43:52] [authMng.c:96] Access Token is inserted in Token Cache
[ERR ][15:43:52] [tokenCache.c:73] TOKEN HASH NODE INSERT FAILED error(ret=206)
[NOTY][15:43:52] [dbConn.c:45] SELECT b.SERVICE_NAME, a.* FROM TSD_STAT_SERVICE_HOUR a, TSD_SVC b WHERE a.SERVICE_ID = b.SERVICE_ID AND b.SERVICE_NAME = 'test2' LIMIT 10
[NOTY][15:50:42] [main.c:107] REST INTERFACE START
[NOTY][15:50:45] [authMng.c:96] Access Token is inserted in Token Cache
[ERR ][15:50:45] [authMng.c:127] OAuth server response: HTTP/1.1 401 Unauthorized

[ERR ][15:50:45] [main.c:154] findUrl() error(ret=0)
[NOTY][15:51:09] [authMng.c:96] Access Token is inserted in Token Cache
[ERR ][15:51:09] [tokenCache.c:73] TOKEN HASH NODE INSERT FAILED error(ret=206)
[NOTY][15:51:09] [dbConn.c:45] SELECT b.SERVICE_NAME, a.* FROM TSD_STAT_SERVICE_HOUR a, TSD_SVC b WHERE a.SERVICE_ID = b.SERVICE_ID AND b.SERVICE_NAME = 'test2' LIMIT 10
