[NOTY][16:05:36] [main.c:107] REST INTERFACE START
[NOTY][16:06:37] [main.c:107] REST INTERFACE START
[NOTY][16:07:29] [main.c:107] REST INTERFACE START
[NOTY][16:07:53] [main.c:107] REST INTERFACE START
[NOTY][16:07:55] [authMng.c:96] Access Token is inserted in Token Cache
[NOTY][16:07:55] [dbConn.c:45] SELECT b.SERVICE_NAME, a.* FROM TSD_STAT_SERVICE_HOUR a, TSD_SVC b WHERE a.SERVICE_ID = b.SERVICE_ID AND b.SERVICE_NAME = 'test2' LIMIT 10
[NOTY][16:08:19] [authMng.c:91] Access Token exit in Token Cache
[NOTY][16:08:19] [dbConn.c:45] SELECT b.SERVICE_NAME, a.* FROM TSD_STAT_SERVICE_HOUR a, TSD_SVC b WHERE a.SERVICE_ID = b.SERVICE_ID AND b.SERVICE_NAME = 'test2' LIMIT 10
[NOTY][16:10:16] [main.c:107] REST INTERFACE START
[NOTY][16:10:18] [authMng.c:96] Access Token is inserted in Token Cache
[NOTY][16:10:18] [dbConn.c:45] SELECT b.SERVICE_NAME, a.* FROM TSD_STAT_SERVICE_HOUR a, TSD_SVC b WHERE a.SERVICE_ID = b.SERVICE_ID AND b.SERVICE_NAME = 'test2' LIMIT 10
[NOTY][16:10:21] [authMng.c:91] Access Token exit in Token Cache
[NOTY][16:10:21] [dbConn.c:45] SELECT b.SERVICE_NAME, a.* FROM TSD_STAT_SERVICE_HOUR a, TSD_SVC b WHERE a.SERVICE_ID = b.SERVICE_ID AND b.SERVICE_NAME = 'test2' LIMIT 10
[NOTY][16:11:25] [main.c:107] REST INTERFACE START
[NOTY][16:11:27] [authMng.c:96] Access Token is inserted in Token Cache
[NOTY][16:11:27] [dbConn.c:45] SELECT b.SERVICE_NAME, a.* FROM TSD_STAT_SERVICE_HOUR a, TSD_SVC b WHERE a.SERVICE_ID = b.SERVICE_ID AND b.SERVICE_NAME = 'test2' LIMIT 10
[NOTY][16:11:31] [authMng.c:91] Access Token exit in Token Cache
[NOTY][16:11:31] [dbConn.c:45] SELECT b.SERVICE_NAME, a.* FROM TSD_STAT_SERVICE_HOUR a, TSD_SVC b WHERE a.SERVICE_ID = b.SERVICE_ID AND b.SERVICE_NAME = 'test2' LIMIT 10
[NOTY][16:12:09] [main.c:107] REST INTERFACE START
[NOTY][16:12:10] [authMng.c:96] Access Token is inserted in Token Cache
[NOTY][16:12:10] [dbConn.c:45] SELECT b.SERVICE_NAME, a.* FROM TSD_STAT_SERVICE_HOUR a, TSD_SVC b WHERE a.SERVICE_ID = b.SERVICE_ID AND b.SERVICE_NAME = 'test2' LIMIT 10
[NOTY][16:12:25] [authMng.c:91] Access Token exit in Token Cache
[NOTY][16:12:25] [dbConn.c:45] SELECT b.SERVICE_NAME, a.* FROM TSD_STAT_SERVICE_HOUR a, TSD_SVC b WHERE a.SERVICE_ID = b.SERVICE_ID AND b.SERVICE_NAME = 'test2' LIMIT 10
[NOTY][16:13:59] [main.c:107] REST INTERFACE START
[NOTY][16:14:01] [authMng.c:96] Access Token is inserted in Token Cache
[NOTY][16:14:01] [dbConn.c:45] SELECT b.SERVICE_NAME, a.* FROM TSD_STAT_SERVICE_HOUR a, TSD_SVC b WHERE a.SERVICE_ID = b.SERVICE_ID AND b.SERVICE_NAME = 'test2' LIMIT 10
[NOTY][16:14:04] [authMng.c:91] Access Token exit in Token Cache
[NOTY][16:14:04] [dbConn.c:45] SELECT b.SERVICE_NAME, a.* FROM TSD_STAT_SERVICE_HOUR a, TSD_SVC b WHERE a.SERVICE_ID = b.SERVICE_ID AND b.SERVICE_NAME = 'test2' LIMIT 10
[NOTY][16:20:45] [main.c:107] REST INTERFACE START
[NOTY][16:20:48] [authMng.c:96] Access Token is inserted in Token Cache
[NOTY][16:21:03] [main.c:107] REST INTERFACE START
[NOTY][16:21:04] [authMng.c:96] Access Token is inserted in Token Cache
[NOTY][16:23:46] [main.c:107] REST INTERFACE START
[NOTY][16:23:48] [authMng.c:96] Access Token is inserted in Token Cache
[NOTY][16:24:27] [main.c:107] REST INTERFACE START
[NOTY][16:24:28] [authMng.c:96] Access Token is inserted in Token Cache
[NOTY][16:24:28] [dbConn.c:45] SELECT b.SERVICE_NAME, a.* FROM TSD_STAT_SERVICE_HOUR a, TSD_SVC b WHERE a.SERVICE_ID = b.SERVICE_ID AND b.SERVICE_NAME = 'test2' LIMIT 10
[NOTY][16:27:00] [main.c:107] REST INTERFACE START
[NOTY][16:27:02] [authMng.c:96] Access Token is inserted in Token Cache
[NOTY][16:27:02] [dbConn.c:45] SELECT b.SERVICE_NAME, a.* FROM TSD_STAT_SERVICE_HOUR a, TSD_SVC b WHERE a.SERVICE_ID = b.SERVICE_ID AND b.SERVICE_NAME = 'test2' LIMIT 10
[NOTY][16:27:09] [authMng.c:91] Access Token exit in Token Cache
[NOTY][16:27:09] [dbConn.c:45] SELECT b.SERVICE_NAME, a.* FROM TSD_STAT_SERVICE_HOUR a, TSD_SVC b WHERE a.SERVICE_ID = b.SERVICE_ID AND b.SERVICE_NAME = 'test2' LIMIT 10
[NOTY][16:29:08] [main.c:107] REST INTERFACE START
[NOTY][16:29:10] [authMng.c:96] Access Token is inserted in Token Cache
[NOTY][16:29:50] [main.c:107] REST INTERFACE START
[NOTY][16:29:52] [authMng.c:96] Access Token is inserted in Token Cache
[NOTY][16:29:52] [dbConn.c:45] SELECT b.SERVICE_NAME, a.* FROM TSD_STAT_SERVICE_HOUR a, TSD_SVC b WHERE a.SERVICE_ID = b.SERVICE_ID AND b.SERVICE_NAME = 'test2' LIMIT 10
[NOTY][16:30:35] [authMng.c:91] Access Token exit in Token Cache
[NOTY][16:30:35] [dbConn.c:45] SELECT b.SERVICE_NAME, a.* FROM TSD_STAT_SERVICE_HOUR a, TSD_SVC b WHERE a.SERVICE_ID = b.SERVICE_ID AND b.SERVICE_NAME = 'test2' LIMIT 10
[NOTY][16:32:11] [main.c:107] REST INTERFACE START
[NOTY][16:32:13] [authMng.c:96] Access Token is inserted in Token Cache
[NOTY][16:32:13] [dbConn.c:45] SELECT b.SERVICE_NAME, a.* FROM TSD_STAT_SERVICE_HOUR a, TSD_SVC b WHERE a.SERVICE_ID = b.SERVICE_ID AND b.SERVICE_NAME = 'test2' LIMIT 10
[NOTY][16:32:19] [authMng.c:91] Access Token exit in Token Cache
[NOTY][16:32:19] [dbConn.c:45] SELECT b.SERVICE_NAME, a.* FROM TSD_STAT_SERVICE_HOUR a, TSD_SVC b WHERE a.SERVICE_ID = b.SERVICE_ID AND b.SERVICE_NAME = 'test2' LIMIT 10
[NOTY][16:33:30] [main.c:107] REST INTERFACE START
[NOTY][16:33:32] [authMng.c:96] Access Token is inserted in Token Cache
[NOTY][16:33:32] [dbConn.c:45] SELECT b.SERVICE_NAME, a.* FROM TSD_STAT_SERVICE_HOUR a, TSD_SVC b WHERE a.SERVICE_ID = b.SERVICE_ID AND b.SERVICE_NAME = 'test2' LIMIT 10
[NOTY][16:33:36] [authMng.c:91] Access Token exit in Token Cache
[NOTY][16:33:36] [dbConn.c:45] SELECT b.SERVICE_NAME, a.* FROM TSD_STAT_SERVICE_HOUR a, TSD_SVC b WHERE a.SERVICE_ID = b.SERVICE_ID AND b.SERVICE_NAME = 'test2' LIMIT 10
[NOTY][16:34:32] [main.c:107] REST INTERFACE START
[NOTY][16:34:33] [authMng.c:96] Access Token is inserted in Token Cache
[NOTY][16:34:33] [dbConn.c:45] SELECT b.SERVICE_NAME, a.* FROM TSD_STAT_SERVICE_HOUR a, TSD_SVC b WHERE a.SERVICE_ID = b.SERVICE_ID AND b.SERVICE_NAME = 'test2' LIMIT 10
[NOTY][16:34:36] [authMng.c:91] Access Token exit in Token Cache
[NOTY][16:34:36] [dbConn.c:45] SELECT b.SERVICE_NAME, a.* FROM TSD_STAT_SERVICE_HOUR a, TSD_SVC b WHERE a.SERVICE_ID = b.SERVICE_ID AND b.SERVICE_NAME = 'test2' LIMIT 10
[NOTY][16:35:21] [authMng.c:91] Access Token exit in Token Cache
[NOTY][16:35:21] [dbConn.c:45] SELECT b.SERVICE_NAME, a.* FROM TSD_STAT_SERVICE_HOUR a, TSD_SVC b WHERE a.SERVICE_ID = b.SERVICE_ID AND b.SERVICE_NAME = 'test2' LIMIT 10
[NOTY][16:36:45] [main.c:107] REST INTERFACE START
[NOTY][16:37:44] [main.c:107] REST INTERFACE START
[NOTY][16:39:47] [main.c:107] REST INTERFACE START
[NOTY][16:39:48] [authMng.c:96] Access Token is inserted in Token Cache
[NOTY][16:39:48] [dbConn.c:45] SELECT b.SERVICE_NAME, a.* FROM TSD_STAT_SERVICE_HOUR a, TSD_SVC b WHERE a.SERVICE_ID = b.SERVICE_ID AND b.SERVICE_NAME = 'test2' LIMIT 10
[NOTY][16:40:05] [authMng.c:91] Access Token exit in Token Cache
[NOTY][16:40:05] [dbConn.c:45] SELECT b.SERVICE_NAME, a.* FROM TSD_STAT_SERVICE_HOUR a, TSD_SVC b WHERE a.SERVICE_ID = b.SERVICE_ID AND b.SERVICE_NAME = 'test2' LIMIT 10
[NOTY][16:40:11] [authMng.c:96] Access Token is inserted in Token Cache
[ERR ][16:40:11] [authMng.c:128] OAuth server response: HTTP/1.1 401 Unauthorized

[ERR ][16:40:11] [main.c:154] findUrl() error(ret=0)
[NOTY][16:40:43] [authMng.c:96] Access Token is inserted in Token Cache
[ERR ][16:40:43] [authMng.c:128] OAuth server response: HTTP/1.1 401 Unauthorized

[ERR ][16:40:43] [main.c:154] findUrl() error(ret=0)
[NOTY][16:42:39] [main.c:107] REST INTERFACE START
[NOTY][16:42:42] [authMng.c:96] Authentication Request to Auth Server
[NOTY][16:42:42] [dbConn.c:45] SELECT b.SERVICE_NAME, a.* FROM TSD_STAT_SERVICE_HOUR a, TSD_SVC b WHERE a.SERVICE_ID = b.SERVICE_ID AND b.SERVICE_NAME = 'test2' LIMIT 10
[NOTY][16:42:52] [authMng.c:91] Access Token exit in Token Cache
[NOTY][16:42:52] [dbConn.c:45] SELECT b.SERVICE_NAME, a.* FROM TSD_STAT_SERVICE_HOUR a, TSD_SVC b WHERE a.SERVICE_ID = b.SERVICE_ID AND b.SERVICE_NAME = 'test2' LIMIT 10
[NOTY][16:43:02] [authMng.c:91] Access Token exit in Token Cache
[NOTY][16:43:02] [dbConn.c:45] SELECT b.SERVICE_NAME, a.* FROM TSD_STAT_SERVICE_HOUR a, TSD_SVC b WHERE a.SERVICE_ID = b.SERVICE_ID AND b.SERVICE_NAME = 'test2' LIMIT 10
[NOTY][16:43:05] [authMng.c:96] Authentication Request to Auth Server
[ERR ][16:43:05] [authMng.c:127] OAuth server response: HTTP/1.1 401 Unauthorized

[ERR ][16:43:05] [main.c:154] findUrl() error(ret=0)
[NOTY][16:43:08] [authMng.c:96] Authentication Request to Auth Server
[ERR ][16:43:08] [authMng.c:127] OAuth server response: HTTP/1.1 401 Unauthorized

[ERR ][16:43:08] [main.c:154] findUrl() error(ret=0)
