[NOTY][13:06:54] [main.c:307] REST INTERFACE START
[NOTY][13:07:55] [main.c:307] REST INTERFACE START
[NOTY][13:08:25] [main.c:307] REST INTERFACE START
[NOTY][13:08:48] [dbConn.c:46] SELECT b.SVC_NAME, a.* FROM TSD_STAT_SVC_SER a, TSD_SVC b WHERE a.SVC_ID = b.SVC_ID AND b.SVC_IP = '192.168.1.3'
[ERR ][13:08:48] [dbConn.c:66] send query is failed
[ERR ][13:08:48] [makeQuery.c:123] DbResult() error(ret=0)
[ERR ][13:08:48] [main.c:213] funcInfo() error(ret=0)
[NOTY][13:09:01] [dbConn.c:46] SELECT b.SVC_NAME, a.* FROM TSD_STAT_SVC_SER a, TSD_SVC b WHERE a.SVC_ID = b.SVC_ID AND b.SVC_NAME = 'test'
[ERR ][13:09:01] [dbConn.c:66] send query is failed
[ERR ][13:09:01] [makeQuery.c:123] DbResult() error(ret=0)
[ERR ][13:09:01] [main.c:213] funcInfo() error(ret=0)
[NOTY][13:09:56] [main.c:307] REST INTERFACE START
[NOTY][13:10:09] [dbConn.c:46] SELECT b.SVC_NAME, a.* FROM TSD_STAT_SVC_DAY a, TSD_SVC b WHERE a.SVC_ID = b.SVC_ID AND b.SVC_NAME = 'test'
[ERR ][13:10:09] [dbConn.c:66] send query is failed
[ERR ][13:10:09] [makeQuery.c:123] DbResult() error(ret=0)
[ERR ][13:10:09] [main.c:213] funcInfo() error(ret=0)
[NOTY][13:10:47] [main.c:307] REST INTERFACE START
[NOTY][13:10:49] [dbConn.c:46] SELECT b.SERVICE_NAME, a.* FROM TSD_STAT_SERVICE_DAY a, TSD_SVC b WHERE a.SERVICE_ID = b.SERVICE_ID AND b.SERVICE_NAME = 'test'
[NOTY][13:11:16] [main.c:307] REST INTERFACE START
[NOTY][13:12:38] [main.c:307] REST INTERFACE START
[NOTY][13:21:02] [main.c:329] REST INTERFACE START
[NOTY][13:22:21] [main.c:332] REST INTERFACE START
[NOTY][13:22:51] [main.c:332] REST INTERFACE START
[NOTY][13:23:13] [main.c:332] REST INTERFACE START
[NOTY][13:23:44] [main.c:332] REST INTERFACE START
[NOTY][13:23:47] [dbConn.c:46] SELECT b.SERVICE_NAME, a.* FROM TSD_STAT_SERVICE_DAY a, TSD_SVC b WHERE a.SERVICE_ID = b.SERVICE_ID AND b.SERVICE_NAME = 'test'
[NOTY][13:24:35] [main.c:332] REST INTERFACE START
[NOTY][13:24:38] [dbConn.c:46] SELECT b.SERVICE_NAME, a.* FROM TSD_STAT_SERVICE_DAY a, TSD_SVC b WHERE a.SERVICE_ID = b.SERVICE_ID AND b.SERVICE_NAME = 'test'
[NOTY][13:25:09] [main.c:332] REST INTERFACE START
[NOTY][13:25:48] [dbConn.c:46] SELECT b.SERVICE_NAME, a.* FROM TSD_STAT_SERVICE_DAY a, TSD_SVC b WHERE a.SERVICE_ID = b.SERVICE_ID AND b.SERVICE_NAME = 'test'
[NOTY][13:27:31] [dbConn.c:46] SELECT b.SERVICE_NAME, a.* FROM TSD_STAT_SERVICE_DAY a, TSD_SVC b WHERE a.SERVICE_ID = b.SERVICE_ID AND b.SERVICE_NAME = 'test'
[NOTY][13:30:58] [main.c:332] REST INTERFACE START
[NOTY][13:31:46] [main.c:332] REST INTERFACE START
[NOTY][13:33:44] [main.c:332] REST INTERFACE START
[NOTY][13:34:28] [main.c:332] REST INTERFACE START
[NOTY][13:34:48] [main.c:332] REST INTERFACE START
[NOTY][13:35:37] [main.c:332] REST INTERFACE START
[NOTY][13:38:21] [main.c:332] REST INTERFACE START
[NOTY][13:38:54] [main.c:332] REST INTERFACE START
[NOTY][13:39:29] [main.c:332] REST INTERFACE START
[NOTY][13:40:35] [main.c:332] REST INTERFACE START
[NOTY][13:43:58] [main.c:332] REST INTERFACE START
[NOTY][13:49:31] [main.c:332] REST INTERFACE START
[NOTY][13:50:04] [main.c:332] REST INTERFACE START
[NOTY][13:57:56] [main.c:340] REST INTERFACE START
