[NOTY][14:00:05] [main.c:340] REST INTERFACE START
[NOTY][14:01:19] [main.c:341] REST INTERFACE START
[NOTY][14:02:14] [main.c:339] REST INTERFACE START
[NOTY][14:02:17] [dbConn.c:46] SELECT b.SERVICE_NAME, a.* FROM TSD_STAT_SERVICE_DAY a, TSD_SVC b WHERE a.SERVICE_ID = b.SERVICE_ID AND b.SERVICE_NAME = 'test'
[NOTY][14:02:24] [dbConn.c:46] SELECT b.SERVICE_NAME, a.* FROM TSD_STAT_SERVICE_DAY a, TSD_SVC b WHERE a.SERVICE_ID = b.SERVICE_ID 
[NOTY][14:03:41] [main.c:338] REST INTERFACE START
[NOTY][14:03:57] [dbConn.c:46] SELECT b.HOST_NAME, a.* FROM TSD_STAT_HOST_DAY a, TSD_HOST b WHERE a.HOST_ID = b.HOST_ID AND b.HOST_IP = '192.168.1.3'
[NOTY][14:04:03] [dbConn.c:46] SELECT b.HOST_NAME, a.* FROM TSD_STAT_HOST_DAY a, TSD_HOST b WHERE a.HOST_ID = b.HOST_ID 
[NOTY][14:04:34] [main.c:340] REST INTERFACE START
[NOTY][14:04:40] [dbConn.c:46] SELECT b.HOST_NAME, a.* FROM TSD_STAT_HOST_DAY a, TSD_HOST b WHERE a.HOST_ID = b.HOST_ID 
[NOTY][14:06:38] [main.c:340] REST INTERFACE START
[NOTY][14:07:25] [main.c:341] REST INTERFACE START
[NOTY][14:07:41] [dbConn.c:46] SELECT b.HOST_NAME, a.* FROM TSD_STAT_HOST_DAY a, TSD_HOST b WHERE a.HOST_ID = b.HOST_ID 
[NOTY][14:09:21] [main.c:340] REST INTERFACE START
[NOTY][14:09:32] [dbConn.c:46] SELECT b.HOST_NAME, a.* FROM TSD_STAT_HOST_DAY a, TSD_HOST b WHERE a.HOST_ID = b.HOST_ID AND PRC_DATE >= '2018-10-1 0:0:0' AND PRC_DATE <= '2018-10-3 0:0:0' 
[ERR ][14:09:55] [makeQuery.c:59] Find srgIP argument failed(ret=0)
[ERR ][14:09:55] [main.c:251] funcInfo() error(ret=0)
[NOTY][14:10:06] [dbConn.c:46] SELECT b.HOST_NAME, a.* FROM TSD_STAT_HOST_DAY a, TSD_HOST b WHERE a.HOST_ID = b.HOST_ID 
[NOTY][14:31:32] [main.c:213] REST INTERFACE START
[NOTY][14:31:34] [dbConn.c:46] SELECT b.HOST_NAME, a.* FROM TSD_STAT_HOST_DAY a, TSD_HOST b WHERE a.HOST_ID = b.HOST_ID  AND b.HOST_HOST = 'HOST'
[ERR ][14:31:34] [dbConn.c:66] send query is failed
[ERR ][14:31:34] [makeQuery.c:300] DbResult() error(ret=0)
[ERR ][14:31:34] [main.c:124] funcInfo() error(ret=0)
[NOTY][14:32:38] [main.c:213] REST INTERFACE START
[NOTY][14:32:40] [dbConn.c:46] SELECT b.HOST_NAME, a.* FROM TSD_STAT_HOST_DAY a, TSD_HOST b WHERE a.HOST_ID = b.HOST_ID  AND b.HOST_NAME = 'test'
[ERR ][14:33:13] [makeQuery.c:215] change 'start' date type is failed(ret=0)
[ERR ][14:33:13] [main.c:124] funcInfo() error(ret=0)
