[NOTY][16:01:08] [main.c:213] REST INTERFACE START
[NOTY][16:02:37] [main.c:213] REST INTERFACE START
[NOTY][16:04:26] [main.c:213] REST INTERFACE START
[NOTY][16:05:35] [main.c:213] REST INTERFACE START
[NOTY][16:26:27] [main.c:213] REST INTERFACE START
[NOTY][16:26:31] [dbConn.c:46] SELECT b.HOST_NAME, a.* FROM TSD_STAT_HOST_DAY a, TSD_HOST b WHERE a.HOST_ID = b.HOST_ID AND PRC_DATE >= '2018-10-1 0:0:0' AND PRC_DATE <= '2018-10-3 0:0:0'  AND b.HOST_NAME = 'test'
[NOTY][16:27:11] [dbConn.c:46] SELECT b.HOST_NAME, a.* FROM TSD_STAT_HOST_DAY a, TSD_HOST b WHERE a.HOST_ID = b.HOST_ID  AND b.HOST_NAME = 'test'
[NOTY][16:27:15] [dbConn.c:46] SELECT b.HOST_NAME, a.* FROM TSD_STAT_HOST_DAY a, TSD_HOST b WHERE a.HOST_ID = b.HOST_ID  AND b.HOST_NAME = 'test1'
[NOTY][16:27:18] [dbConn.c:46] SELECT b.HOST_NAME, a.* FROM TSD_STAT_HOST_DAY a, TSD_HOST b WHERE a.HOST_ID = b.HOST_ID  AND b.HOST_NAME = 'test2'
[NOTY][16:27:24] [dbConn.c:46] SELECT b.HOST_NAME, a.* FROM TSD_STAT_HOST_DAY a, TSD_HOST b WHERE a.HOST_ID = b.HOST_ID AND PRC_DATE >= '2018-10-1 0:0:0' AND PRC_DATE <= '2018-10-3 0:0:0'  AND b.HOST_NAME = 'test2'
[NOTY][16:27:30] [dbConn.c:46] SELECT b.HOST_NAME, a.* FROM TSD_STAT_HOST_DAY a, TSD_HOST b WHERE a.HOST_ID = b.HOST_ID  AND b.HOST_NAME = 'test2'
[NOTY][16:27:39] [dbConn.c:46] SELECT b.HOST_NAME, a.* FROM TSD_STAT_HOST_HOUR a, TSD_HOST b WHERE a.HOST_ID = b.HOST_ID  AND b.HOST_NAME = 'test2'
[NOTY][16:27:48] [dbConn.c:46] SELECT b.HOST_NAME, a.* FROM TSD_STAT_HOST_HOUR a, TSD_HOST b WHERE a.HOST_ID = b.HOST_ID AND PRC_DATE >= '2018-10-1 0:0:0' AND PRC_DATE <= '2018-10-3 0:0:0'  AND b.HOST_NAME = 'test2'
[NOTY][16:27:54] [dbConn.c:46] SELECT b.HOST_NAME, a.* FROM TSD_STAT_HOST_HOUR a, TSD_HOST b WHERE a.HOST_ID = b.HOST_ID  AND b.HOST_NAME = 'test2'
[NOTY][16:36:51] [main.c:103] REST INTERFACE START
[NOTY][16:37:20] [dbConn.c:45] SELECT b.HOST_NAME, a.* FROM TSD_STAT_HOST_HOUR a, TSD_HOST b WHERE a.HOST_ID = b.HOST_ID AND b.HOST_NAME = 'test2'
[NOTY][16:37:33] [dbConn.c:45] SELECT b.HOST_NAME, a.* FROM TSD_STAT_HOST_HOUR a, TSD_HOST b WHERE a.HOST_ID = b.HOST_ID AND PRC_DATE >= '2018-10-1 0:0:0' AND PRC_DATE <= '2018-10-3 0:0:0' AND b.HOST_NAME = 'test2'
[NOTY][16:37:36] [dbConn.c:45] SELECT b.HOST_NAME, a.* FROM TSD_STAT_HOST_HOUR a, TSD_HOST b WHERE a.HOST_ID = b.HOST_ID AND PRC_DATE >= '2018-10-1 0:0:0' AND PRC_DATE <= '2018-10-3 0:0:0' AND b.HOST_NAME = 'test2'
[NOTY][16:37:59] [dbConn.c:45] SELECT b.HOST_NAME, a.* FROM TSD_STAT_HOST_HOUR a, TSD_HOST b WHERE a.HOST_ID = b.HOST_ID AND PRC_DATE >= '2018-10-1 0:0:0' AND PRC_DATE <= '2018-10-3 0:0:0' AND b.HOST_NAME = 'test2'
[NOTY][16:41:05] [main.c:103] REST INTERFACE START
[NOTY][16:41:08] [dbConn.c:45] SELECT b.HOST_NAME, a.* FROM TSD_STAT_HOST_HOUR a, TSD_HOST b WHERE a.HOST_ID = b.HOST_ID AND PRC_DATE >= '2018-10-1 0:0:0' AND PRC_DATE <= '2018-10-3 0:0:0' AND b.HOST_NAME = 'test2'
[ERR ][16:41:13] [makeQuery.c:175] already name for query is exit, donn't need IP arg(ret=1)
[ERR ][16:41:13] [main.c:204] funcInfo() error(ret=0)
[NOTY][16:41:43] [main.c:103] REST INTERFACE START
[ERR ][16:41:47] [makeQuery.c:175] already name for query is exit, donn't need IP arg(ret=1)
[ERR ][16:41:47] [main.c:204] funcInfo() error(ret=0)
[NOTY][16:41:56] [dbConn.c:45] SELECT b.HOST_NAME, a.* FROM TSD_STAT_HOST_HOUR a, TSD_HOST b WHERE a.HOST_ID = b.HOST_ID AND PRC_DATE >= '2018-10-1 0:0:0' AND PRC_DATE <= '2018-10-3 0:0:0' AND b.HOST_NAME = 'test2'
[NOTY][16:42:04] [dbConn.c:45] SELECT b.SERVICE_NAME, a.* FROM TSD_STAT_SERVICE_5MIN a, TSD_SVC b WHERE a.SERVICE_ID = b.SERVICE_ID AND PRC_DATE >= '2018-10-1 0:0:0' AND PRC_DATE <= '2018-10-3 0:0:0' AND b.SERVICE_NAME = 'test2'
[NOTY][16:46:01] [main.c:103] REST INTERFACE START
[NOTY][16:46:04] [dbConn.c:45] SELECT b.SERVICE_NAME, a.* FROM TSD_STAT_SERVICE_5MIN a, TSD_SVC b WHERE a.SERVICE_ID = b.SERVICE_ID AND b.SERVICE_NAME = 'test2'
[ERR ][16:49:28] [makeQuery.c:158] Find srgIP argument failed(ret=0)
[ERR ][16:49:28] [main.c:204] funcInfo() error(ret=0)
[NOTY][16:55:04] [main.c:103] REST INTERFACE START
[ERR ][16:55:06] [makeQuery.c:158] Service has no IP 
[ERR ][16:55:06] [main.c:204] funcInfo() error(ret=0)
[NOTY][16:55:51] [main.c:103] REST INTERFACE START
[NOTY][16:55:53] [dbConn.c:45] SELECT b.SERVICE_NAME, a.* FROM TSD_STAT_SERVICE_5MIN a, TSD_SVC b WHERE a.SERVICE_ID = b.SERVICE_ID AND PRC_DATE >= '2018-10-1 0:0:0' AND PRC_DATE <= '2018-10-3 0:0:0' AND b.SERVICE_IP = '2018-10-03_00:00:00'LIMIT 10
[ERR ][16:55:53] [dbConn.c:65] send query is failed
[ERR ][16:55:53] [makeQuery.c:200] DbResult() error(ret=0)
[ERR ][16:55:53] [main.c:204] funcInfo() error(ret=0)
[NOTY][16:57:16] [main.c:103] REST INTERFACE START
[NOTY][16:57:18] [dbConn.c:45] SELECT b.SERVICE_NAME, a.* FROM TSD_STAT_SERVICE_5MIN a, TSD_SVC b WHERE a.SERVICE_ID = b.SERVICE_ID AND PRC_DATE >= '2018-10-1 0:0:0' AND PRC_DATE <= '2018-10-3 0:0:0' AND b.SERVICE_IP = '2018-10-03_00:00:00' LIMIT 10
[ERR ][16:57:18] [dbConn.c:65] send query is failed
[ERR ][16:57:18] [makeQuery.c:201] DbResult() error(ret=0)
[ERR ][16:57:18] [main.c:204] funcInfo() error(ret=0)
